time="2018-08-13T17:53:28+08:00" level=debug msg="Request to close file: <nil>"
time="2018-08-13T17:53:33+08:00" level=debug msg="Request to close file: <nil>"
time="2018-08-13T17:56:19+08:00" level=debug msg="Request to close file: <nil>"
time="2018-08-13T17:57:34+08:00" level=debug msg="Request to open file with path: ./default.log"
time="2018-08-13T17:57:34+08:00" level=debug msg="Request to close file: <nil>"
time="2018-08-13T17:58:15+08:00" level=debug msg="Request to open file with path: ./default.log"
time="2018-08-13T17:58:15+08:00" level=debug msg="Request to close file: &{0xc4200b2550}"
time="2018-08-13T18:00:02+08:00" level=debug msg="Request to open file with path: ./default.log"
time="2018-08-13T18:00:02+08:00" level=debug msg="Request to close file: &{0xc4200b2550}"
time="2018-08-13T18:00:46+08:00" level=debug msg="Request to open file with path: .."
time="2018-08-13T18:00:46+08:00" level=error msg="open ..: is a directory"
time="2018-08-13T18:00:46+08:00" level=debug msg="Request to open file with path: ./default.log"
time="2018-08-13T18:00:46+08:00" level=debug msg="Request to close file: &{0xc4201401e0}"
time="2018-08-13T18:01:03+08:00" level=debug msg="Request to open file with path: .."
time="2018-08-13T18:01:03+08:00" level=error msg="open ..: is a directory"
time="2018-08-13T18:01:03+08:00" level=debug msg="Request to open file with path: ./default.log"
time="2018-08-13T18:01:03+08:00" level=debug msg="Request to close file: &{0xc4200b25f0}"
time="2018-08-13T18:01:24+08:00" level=debug msg="Request to open file with path: .."
time="2018-08-13T18:01:24+08:00" level=error msg="open ..: is a directory"
time="2018-08-13T18:01:24+08:00" level=debug msg="Request to close file: <nil>"
time="2018-08-13T18:01:24+08:00" level=debug msg="Request to open file with path: ./default.log"
time="2018-08-13T18:01:24+08:00" level=debug msg="Request to close file: &{0xc420092640}"
time="2018-08-13T18:01:33+08:00" level=debug msg="Request to open file with path: .."
time="2018-08-13T18:01:33+08:00" level=error msg="open ..: is a directory"
time="2018-08-13T18:01:33+08:00" level=debug msg="Request to close file: <nil>"
time="2018-08-13T18:01:33+08:00" level=debug msg="Request to open file with path: ./default.log"
time="2018-08-13T18:01:33+08:00" level=debug msg="Request to close file: &{0xc4200b2640}"
time="2018-08-13T18:02:28+08:00" level=debug msg="Request to open file with path: .."
time="2018-08-13T18:02:28+08:00" level=error msg="open ..: is a directory"
time="2018-08-13T18:02:28+08:00" level=debug msg="Request to close file: <nil>"
time="2018-08-13T18:02:28+08:00" level=debug msg="Request to open file with path: ./default.log"
time="2018-08-13T18:02:28+08:00" level=debug msg="Request to close file: &{0xc4201560f0}"
time="2018-08-14T12:13:10+08:00" level=debug msg="Request to open file with path: .."
time="2018-08-14T12:13:10+08:00" level=error msg="open ..: is a directory"
time="2018-08-14T12:13:10+08:00" level=debug msg="Request to close file: <nil>"
time="2018-08-14T12:13:10+08:00" level=debug msg="Request to open file with path: ./default.log"
time="2018-08-14T12:13:10+08:00" level=debug msg="Request to close file: &{0xc4200b2640}"
time="2018-08-14T12:14:06+08:00" level=debug msg="Request to open file with path: .."
time="2018-08-14T12:14:06+08:00" level=error msg="open ..: is a directory"
time="2018-08-14T12:14:06+08:00" level=debug msg="Request to close file: <nil>"
time="2018-08-14T12:14:06+08:00" level=debug msg="Request to open file with path: ./default.log"
time="2018-08-14T12:14:06+08:00" level=debug msg="Request to close file: &{0xc4200b2640}"
time="2018-08-14T14:30:27+08:00" level=debug msg="Request to open file with path: .."
time="2018-08-14T14:30:27+08:00" level=error msg="open ..: is a directory"
time="2018-08-14T14:30:27+08:00" level=debug msg="Request to close file: <nil>"
time="2018-08-14T14:30:27+08:00" level=debug msg="Request to open file with path: ./default.log"
time="2018-08-14T14:30:27+08:00" level=debug msg="Request to close file: &{0xc4200a25f0}"
time="2018-08-14T14:31:26+08:00" level=debug msg="Request to open file with path: .."
time="2018-08-14T14:31:26+08:00" level=error msg="open ..: is a directory"
time="2018-08-14T14:31:26+08:00" level=debug msg="Request to close file: <nil>"
time="2018-08-14T14:31:26+08:00" level=debug msg="Request to open file with path: ./default.log"
time="2018-08-14T14:31:26+08:00" level=debug msg="Request to close file: &{0xc4201520f0}"
time="2018-08-14T14:31:57+08:00" level=debug msg="Request to open file with path: .."
time="2018-08-14T14:31:57+08:00" level=error msg="open ..: is a directory"
time="2018-08-14T14:31:57+08:00" level=debug msg="Request to close file: <nil>"
time="2018-08-14T14:31:57+08:00" level=debug msg="Request to open file with path: ./default.log"
time="2018-08-14T14:31:57+08:00" level=debug msg="Request to close file: &{0xc42014e230}"
time="2018-08-20T10:25:29+08:00" level=debug msg="Request to open file with path: .."
time="2018-08-20T10:25:29+08:00" level=error msg="open ..: is a directory"
time="2018-08-20T10:25:29+08:00" level=debug msg="Request to close file: <nil>"
time="2018-08-20T10:25:29+08:00" level=debug msg="Request to open file with path: ./default.log"
time="2018-08-20T10:25:29+08:00" level=debug msg="Request to close file: &{0xc420092640}"
time="2018-08-20T10:46:08+08:00" level=debug msg="Request to open file with path: .."
time="2018-08-20T10:46:08+08:00" level=error msg="open ..: is a directory"
time="2018-08-20T10:46:08+08:00" level=debug msg="Request to close file: <nil>"
time="2018-08-20T10:46:08+08:00" level=debug msg="Request to open file with path: ./default.log"
time="2018-08-20T10:46:08+08:00" level=debug msg="Request to close file: &{0xc4200b0640}"
